<?xml version="1.0" encoding="UTF-8"?>
<!-- Generated by org.testng.reporters.JUnitReportReporter -->
<testsuite hostname="BNG-LL-PKAREHON" failures="0" tests="3" name="flight.booking.BookFlight" time="5.746" errors="0" timestamp="2021-05-29T08:12:35 IST" skipped="0">
  <testcase classname="flight.booking.BookFlight" name="provideBookingDetails" time="1.882"/>
  <testcase classname="flight.booking.BookFlight" name="bookingConfirmation" time="0.107"/>
  <testcase classname="flight.booking.BookFlight" name="flightSelection" time="3.757"/>
</testsuite> <!-- flight.booking.BookFlight -->
