<?xml version="1.0" encoding="UTF-8"?>
<!-- Generated by org.testng.reporters.JUnitReportReporter -->
<testsuite hostname="BNG-LL-PKAREHON" failures="0" tests="2" name="flight.booking.validateTitle" time="0.092" errors="0" timestamp="28 May 2021 02:10:59 GMT">
  <testcase classname="flight.booking.validateTitle" name="validateTitleOfPage" time="0.007"/>
  <testcase classname="flight.booking.validateTitle" name="validateHeaderOfPage" time="0.085"/>
</testsuite> <!-- flight.booking.validateTitle -->
